2026-01-06 12:39:10,451 - INFO - Iniciando load_and_standardize...
2026-01-06 12:39:10,731 - INFO - Finalizado load_and_standardize. Tempo: 0.28s
2026-01-06 12:39:10,731 - INFO - Iniciando feature_engineering...
2026-01-06 12:39:11,755 - INFO - Finalizado feature_engineering. Tempo: 1.02s
2026-01-06 12:39:11,792 - INFO - Iniciando train_iso...
2026-01-06 12:39:12,024 - INFO - Finalizado train_iso. Tempo: 0.23s
2026-01-06 12:39:12,080 - INFO - Iniciando train_iso...
2026-01-06 12:39:12,386 - INFO - Finalizado train_iso. Tempo: 0.31s
2026-01-06 12:39:12,511 - INFO - Iniciando train_lof...
2026-01-06 12:39:12,621 - INFO - Finalizado train_lof. Tempo: 0.11s
2026-01-06 12:39:12,625 - INFO - Iniciando train_lof...
2026-01-06 12:39:12,650 - INFO - Finalizado train_lof. Tempo: 0.03s
2026-01-06 12:39:12,656 - INFO - Iniciando train_evaluate...
2026-01-06 12:39:12,659 - ERROR - Erro em train_evaluate: "None of [Index([0, 1, 2, 3, 4, 5, 6, 7, 8, 9], dtype='int64')] are in the [columns]"
2026-01-06 12:44:48,021 - INFO - Iniciando load_and_standardize...
2026-01-06 12:44:48,091 - INFO - Finalizado load_and_standardize. Tempo: 0.07s
2026-01-06 12:44:48,091 - INFO - Iniciando feature_engineering...
2026-01-06 12:44:48,552 - INFO - Finalizado feature_engineering. Tempo: 0.46s
2026-01-06 12:49:43,042 - INFO - Iniciando load_and_standardize...
2026-01-06 12:49:43,083 - INFO - Finalizado load_and_standardize. Tempo: 0.04s
2026-01-06 12:49:43,083 - INFO - Iniciando feature_engineering...
2026-01-06 12:49:44,351 - INFO - Finalizado feature_engineering. Tempo: 1.27s
